1679213688818|2|statement|connection 1|url jdbc:h2:tcp://localhost/C:\Users\Won Seok\oneDrive77\OneDrive\jpashop|     drop table if exists member CASCADE |     drop table if exists member CASCADE 
1679213688820|0|statement|connection 1|url jdbc:h2:tcp://localhost/C:\Users\Won Seok\oneDrive77\OneDrive\jpashop|     drop sequence if exists hibernate_sequence|     drop sequence if exists hibernate_sequence
1679213688825|1|statement|connection 2|url jdbc:h2:tcp://localhost/C:\Users\Won Seok\oneDrive77\OneDrive\jpashop|create sequence hibernate_sequence start with 1 increment by 1|create sequence hibernate_sequence start with 1 increment by 1
1679213688828|1|statement|connection 2|url jdbc:h2:tcp://localhost/C:\Users\Won Seok\oneDrive77\OneDrive\jpashop|     create table member (        id bigint not null,         user_name varchar(255),         primary key (id)     )|     create table member (        id bigint not null,         user_name varchar(255),         primary key (id)     )
1679213692075|17|statement|connection 3|url jdbc:h2:tcp://localhost/C:\Users\Won Seok\oneDrive77\OneDrive\jpashop|call next value for hibernate_sequence|call next value for hibernate_sequence
1679213692370|0|statement|connection 3|url jdbc:h2:tcp://localhost/C:\Users\Won Seok\oneDrive77\OneDrive\jpashop|insert into member (user_name, id) values (?, ?)|insert into member (user_name, id) values ('memberA', 1)
1679213692377|0|commit|connection 3|url jdbc:h2:tcp://localhost/C:\Users\Won Seok\oneDrive77\OneDrive\jpashop||
1679213802294|1|statement|connection 1|url jdbc:h2:tcp://localhost/C:\Users\Won Seok\oneDrive77\OneDrive\jpashop|     drop table if exists member CASCADE |     drop table if exists member CASCADE 
1679213802296|1|statement|connection 1|url jdbc:h2:tcp://localhost/C:\Users\Won Seok\oneDrive77\OneDrive\jpashop|     drop sequence if exists hibernate_sequence|     drop sequence if exists hibernate_sequence
1679213802303|1|statement|connection 2|url jdbc:h2:tcp://localhost/C:\Users\Won Seok\oneDrive77\OneDrive\jpashop|create sequence hibernate_sequence start with 1 increment by 1|create sequence hibernate_sequence start with 1 increment by 1
1679213802307|2|statement|connection 2|url jdbc:h2:tcp://localhost/C:\Users\Won Seok\oneDrive77\OneDrive\jpashop|     create table member (        id bigint not null,         user_name varchar(255),         primary key (id)     )|     create table member (        id bigint not null,         user_name varchar(255),         primary key (id)     )
1679213804394|8|statement|connection 3|url jdbc:h2:tcp://localhost/C:\Users\Won Seok\oneDrive77\OneDrive\jpashop|call next value for hibernate_sequence|call next value for hibernate_sequence
1679213804537|0|statement|connection 3|url jdbc:h2:tcp://localhost/C:\Users\Won Seok\oneDrive77\OneDrive\jpashop|insert into member (user_name, id) values (?, ?)|insert into member (user_name, id) values ('memberA', 1)
1679213804540|0|commit|connection 3|url jdbc:h2:tcp://localhost/C:\Users\Won Seok\oneDrive77\OneDrive\jpashop||
1679213904103|1|statement|connection 1|url jdbc:h2:tcp://localhost/C:\Users\Won Seok\oneDrive77\OneDrive\jpashop|     drop table if exists member CASCADE |     drop table if exists member CASCADE 
1679213904104|0|statement|connection 1|url jdbc:h2:tcp://localhost/C:\Users\Won Seok\oneDrive77\OneDrive\jpashop|     drop sequence if exists hibernate_sequence|     drop sequence if exists hibernate_sequence
1679213904108|0|statement|connection 2|url jdbc:h2:tcp://localhost/C:\Users\Won Seok\oneDrive77\OneDrive\jpashop|create sequence hibernate_sequence start with 1 increment by 1|create sequence hibernate_sequence start with 1 increment by 1
1679213904111|1|statement|connection 2|url jdbc:h2:tcp://localhost/C:\Users\Won Seok\oneDrive77\OneDrive\jpashop|     create table member (        id bigint not null,         user_name varchar(255),         primary key (id)     )|     create table member (        id bigint not null,         user_name varchar(255),         primary key (id)     )
1679213906549|25|statement|connection 3|url jdbc:h2:tcp://localhost/C:\Users\Won Seok\oneDrive77\OneDrive\jpashop|call next value for hibernate_sequence|call next value for hibernate_sequence
1679213906684|1|statement|connection 3|url jdbc:h2:tcp://localhost/C:\Users\Won Seok\oneDrive77\OneDrive\jpashop|insert into member (user_name, id) values (?, ?)|insert into member (user_name, id) values ('memberA', 1)
1679213906689|0|commit|connection 3|url jdbc:h2:tcp://localhost/C:\Users\Won Seok\oneDrive77\OneDrive\jpashop||
